<?xml version="1.0" encoding="UTF-8"?>
<!-- Generated by org.testng.reporters.JUnitReportReporter -->
<testsuite hostname="TUF-A15" failures="0" tests="7" name="com.runner.MyRunner" time="31.189" errors="0" timestamp="17 Dec 2021 00:52:07 GMT" skipped="0">
  <testcase classname="com.runner.MyRunner" name="runScenario" time="3.933"/>
  <testcase classname="com.runner.MyRunner" name="runScenario" time="4.064"/>
  <testcase classname="com.runner.MyRunner" name="runScenario" time="3.841"/>
  <testcase classname="com.runner.MyRunner" name="runScenario" time="4.490"/>
  <testcase classname="com.runner.MyRunner" name="runScenario" time="3.873"/>
  <testcase classname="com.runner.MyRunner" name="runScenario" time="4.000"/>
  <testcase classname="com.runner.MyRunner" name="runScenario" time="6.988"/>
</testsuite> <!-- com.runner.MyRunner -->
